# JRE version: Java(TM) SE Runtime Environment (7.0_79-b15) (build 1.7.0_79-b15)
# Java VM: Java HotSpot(TM) 64-Bit Server VM (24.79-b02 mixed mode bsd-amd64 compressed oops)
Heap
 PSYoungGen      total 76800K, used 24966K [0x00000007aaa80000, 0x00000007b0000000, 0x0000000800000000)
  eden space 66048K, 21% used [0x00000007aaa80000,0x00000007ab88b568,0x00000007aeb00000)
  from space 10752K, 98% used [0x00000007af580000,0x00000007affd6620,0x00000007b0000000)
  to   space 10752K, 0% used [0x00000007aeb00000,0x00000007aeb00000,0x00000007af580000)
 ParOldGen       total 174592K, used 28048K [0x0000000700000000, 0x000000070aa80000, 0x00000007aaa80000)
  object space 174592K, 16% used [0x0000000700000000,0x0000000701b64018,0x000000070aa80000)
 PSPermGen       total 21504K, used 11090K [0x00000006fae00000, 0x00000006fc300000, 0x0000000700000000)
  object space 21504K, 51% used [0x00000006fae00000,0x00000006fb8d4a08,0x00000006fc300000)
GC Heap History (4 events):
Event: 28.278 GC heap before
{Heap before GC invocations=1 (full 0):
 PSYoungGen      total 76800K, used 66048K [0x00000007aaa80000, 0x00000007b0000000, 0x0000000800000000)
  eden space 66048K, 100% used [0x00000007aaa80000,0x00000007aeb00000,0x00000007aeb00000)
  from space 10752K, 0% used [0x00000007af580000,0x00000007af580000,0x00000007b0000000)
  to   space 10752K, 0% used [0x00000007aeb00000,0x00000007aeb00000,0x00000007af580000)
 ParOldGen       total 174592K, used 2K [0x0000000700000000, 0x000000070aa80000, 0x00000007aaa80000)
  object space 174592K, 0% used [0x0000000700000000,0x00000007000008b0,0x000000070aa80000)
 PSPermGen       total 21504K, used 10766K [0x00000006fae00000, 0x00000006fc300000, 0x0000000700000000)
  object space 21504K, 50% used [0x00000006fae00000,0x00000006fb883978,0x00000006fc300000)
Event: 28.293 GC heap after
Heap after GC invocations=1 (full 0):
 PSYoungGen      total 76800K, used 9624K [0x00000007aaa80000, 0x00000007b0000000, 0x0000000800000000)
  eden space 66048K, 0% used [0x00000007aaa80000,0x00000007aaa80000,0x00000007aeb00000)
  from space 10752K, 89% used [0x00000007aeb00000,0x00000007af4660b0,0x00000007af580000)
  to   space 10752K, 0% used [0x00000007af580000,0x00000007af580000,0x00000007b0000000)
 ParOldGen       total 174592K, used 22510K [0x0000000700000000, 0x000000070aa80000, 0x00000007aaa80000)
  object space 174592K, 12% used [0x0000000700000000,0x00000007015fb8e0,0x000000070aa80000)
 PSPermGen       total 21504K, used 10766K [0x00000006fae00000, 0x00000006fc300000, 0x0000000700000000)
  object space 21504K, 50% used [0x00000006fae00000,0x00000006fb883978,0x00000006fc300000)
}
Event: 79.048 GC heap before
{Heap before GC invocations=2 (full 0):
 PSYoungGen      total 76800K, used 75672K [0x00000007aaa80000, 0x00000007b0000000, 0x0000000800000000)
  eden space 66048K, 100% used [0x00000007aaa80000,0x00000007aeb00000,0x00000007aeb00000)
  from space 10752K, 89% used [0x00000007aeb00000,0x00000007af4660b0,0x00000007af580000)
  to   space 10752K, 0% used [0x00000007af580000,0x00000007af580000,0x00000007b0000000)
 ParOldGen       total 174592K, used 24116K [0x0000000700000000, 0x000000070aa80000, 0x00000007aaa80000)
  object space 174592K, 13% used [0x0000000700000000,0x000000070178d3e8,0x000000070aa80000)
 PSPermGen       total 21504K, used 10895K [0x00000006fae00000, 0x00000006fc300000, 0x0000000700000000)
  object space 21504K, 50% used [0x00000006fae00000,0x00000006fb8a3db8,0x00000006fc300000)
Event: 79.058 GC heap after
Heap after GC invocations=2 (full 0):
 PSYoungGen      total 76800K, used 10585K [0x00000007aaa80000, 0x00000007b0000000, 0x0000000800000000)
  eden space 66048K, 0% used [0x00000007aaa80000,0x00000007aaa80000,0x00000007aeb00000)
  from space 10752K, 98% used [0x00000007af580000,0x00000007affd6620,0x00000007b0000000)
  to   space 10752K, 0% used [0x00000007aeb00000,0x00000007aeb00000,0x00000007af580000)
 ParOldGen       total 174592K, used 28048K [0x0000000700000000, 0x000000070aa80000, 0x00000007aaa80000)
  object space 174592K, 16% used [0x0000000700000000,0x0000000701b64018,0x000000070aa80000)
 PSPermGen       total 21504K, used 10895K [0x00000006fae00000, 0x00000006fc300000, 0x0000000700000000)
  object space 21504K, 50% used [0x00000006fae00000,0x00000006fb8a3db8,0x00000006fc300000)
}

