# JRE version: Java(TM) SE Runtime Environment (7.0_79-b15) (build 1.7.0_79-b15)
# Java VM: Java HotSpot(TM) 64-Bit Server VM (24.79-b02 mixed mode bsd-amd64 compressed oops)
Heap
 PSYoungGen      total 76800K, used 47396K [0x00000007aaa80000, 0x00000007b0000000, 0x0000000800000000)
  eden space 66048K, 57% used [0x00000007aaa80000,0x00000007acf7c3b8,0x00000007aeb00000)
  from space 10752K, 88% used [0x00000007af580000,0x00000007afecce38,0x00000007b0000000)
  to   space 10752K, 0% used [0x00000007aeb00000,0x00000007aeb00000,0x00000007af580000)
 ParOldGen       total 174592K, used 70115K [0x0000000700000000, 0x000000070aa80000, 0x00000007aaa80000)
  object space 174592K, 40% used [0x0000000700000000,0x0000000704478dc0,0x000000070aa80000)
 PSPermGen       total 21504K, used 10209K [0x00000006fae00000, 0x00000006fc300000, 0x0000000700000000)
  object space 21504K, 47% used [0x00000006fae00000,0x00000006fb7f8638,0x00000006fc300000)
GC Heap History (8 events):
Event: 14.459 GC heap before
{Heap before GC invocations=1 (full 0):
 PSYoungGen      total 76800K, used 65321K [0x00000007aaa80000, 0x00000007b0000000, 0x0000000800000000)
  eden space 66048K, 98% used [0x00000007aaa80000,0x00000007aea4a6b0,0x00000007aeb00000)
  from space 10752K, 0% used [0x00000007af580000,0x00000007af580000,0x00000007b0000000)
  to   space 10752K, 0% used [0x00000007aeb00000,0x00000007aeb00000,0x00000007af580000)
 ParOldGen       total 174592K, used 1463K [0x0000000700000000, 0x000000070aa80000, 0x00000007aaa80000)
  object space 174592K, 0% used [0x0000000700000000,0x000000070016dc50,0x000000070aa80000)
 PSPermGen       total 21504K, used 9982K [0x00000006fae00000, 0x00000006fc300000, 0x0000000700000000)
  object space 21504K, 46% used [0x00000006fae00000,0x00000006fb7bfb58,0x00000006fc300000)
Event: 14.473 GC heap after
Heap after GC invocations=1 (full 0):
 PSYoungGen      total 76800K, used 10740K [0x00000007aaa80000, 0x00000007b0000000, 0x0000000800000000)
  eden space 66048K, 0% used [0x00000007aaa80000,0x00000007aaa80000,0x00000007aeb00000)
  from space 10752K, 99% used [0x00000007aeb00000,0x00000007af57d328,0x00000007af580000)
  to   space 10752K, 0% used [0x00000007af580000,0x00000007af580000,0x00000007b0000000)
 ParOldGen       total 174592K, used 23620K [0x0000000700000000, 0x000000070aa80000, 0x00000007aaa80000)
  object space 174592K, 13% used [0x0000000700000000,0x0000000701711268,0x000000070aa80000)
 PSPermGen       total 21504K, used 9982K [0x00000006fae00000, 0x00000006fc300000, 0x0000000700000000)
  object space 21504K, 46% used [0x00000006fae00000,0x00000006fb7bfb58,0x00000006fc300000)
}
Event: 39.959 GC heap before
{Heap before GC invocations=2 (full 0):
 PSYoungGen      total 76800K, used 76788K [0x00000007aaa80000, 0x00000007b0000000, 0x0000000800000000)
  eden space 66048K, 100% used [0x00000007aaa80000,0x00000007aeb00000,0x00000007aeb00000)
  from space 10752K, 99% used [0x00000007aeb00000,0x00000007af57d328,0x00000007af580000)
  to   space 10752K, 0% used [0x00000007af580000,0x00000007af580000,0x00000007b0000000)
 ParOldGen       total 174592K, used 25085K [0x0000000700000000, 0x000000070aa80000, 0x00000007aaa80000)
  object space 174592K, 14% used [0x0000000700000000,0x000000070187f558,0x000000070aa80000)
 PSPermGen       total 21504K, used 10072K [0x00000006fae00000, 0x00000006fc300000, 0x0000000700000000)
  object space 21504K, 46% used [0x00000006fae00000,0x00000006fb7d6280,0x00000006fc300000)
Event: 39.967 GC heap after
Heap after GC invocations=2 (full 0):
 PSYoungGen      total 76800K, used 9579K [0x00000007aaa80000, 0x00000007b0000000, 0x0000000800000000)
  eden space 66048K, 0% used [0x00000007aaa80000,0x00000007aaa80000,0x00000007aeb00000)
  from space 10752K, 89% used [0x00000007af580000,0x00000007afedadb8,0x00000007b0000000)
  to   space 10752K, 0% used [0x00000007aeb00000,0x00000007aeb00000,0x00000007af580000)
 ParOldGen       total 174592K, used 40093K [0x0000000700000000, 0x000000070aa80000, 0x00000007aaa80000)
  object space 174592K, 22% used [0x0000000700000000,0x0000000702727578,0x000000070aa80000)
 PSPermGen       total 21504K, used 10072K [0x00000006fae00000, 0x00000006fc300000, 0x0000000700000000)
  object space 21504K, 46% used [0x00000006fae00000,0x00000006fb7d6280,0x00000006fc300000)
}
Event: 68.613 GC heap before
{Heap before GC invocations=3 (full 0):
 PSYoungGen      total 76800K, used 75627K [0x00000007aaa80000, 0x00000007b0000000, 0x0000000800000000)
  eden space 66048K, 100% used [0x00000007aaa80000,0x00000007aeb00000,0x00000007aeb00000)
  from space 10752K, 89% used [0x00000007af580000,0x00000007afedadb8,0x00000007b0000000)
  to   space 10752K, 0% used [0x00000007aeb00000,0x00000007aeb00000,0x00000007af580000)
 ParOldGen       total 174592K, used 40094K [0x0000000700000000, 0x000000070aa80000, 0x00000007aaa80000)
  object space 174592K, 22% used [0x0000000700000000,0x0000000702727bc0,0x000000070aa80000)
 PSPermGen       total 21504K, used 10081K [0x00000006fae00000, 0x00000006fc300000, 0x0000000700000000)
  object space 21504K, 46% used [0x00000006fae00000,0x00000006fb7d8678,0x00000006fc300000)
Event: 68.626 GC heap after
Heap after GC invocations=3 (full 0):
 PSYoungGen      total 76800K, used 9523K [0x00000007aaa80000, 0x00000007b0000000, 0x0000000800000000)
  eden space 66048K, 0% used [0x00000007aaa80000,0x00000007aaa80000,0x00000007aeb00000)
  from space 10752K, 88% used [0x00000007aeb00000,0x00000007af44ce38,0x00000007af580000)
  to   space 10752K, 0% used [0x00000007af580000,0x00000007af580000,0x00000007b0000000)
 ParOldGen       total 174592K, used 55102K [0x0000000700000000, 0x000000070aa80000, 0x00000007aaa80000)
  object space 174592K, 31% used [0x0000000700000000,0x00000007035cfbe0,0x000000070aa80000)
 PSPermGen       total 21504K, used 10081K [0x00000006fae00000, 0x00000006fc300000, 0x0000000700000000)
  object space 21504K, 46% used [0x00000006fae00000,0x00000006fb7d8678,0x00000006fc300000)
}
Event: 97.515 GC heap before
{Heap before GC invocations=4 (full 0):
 PSYoungGen      total 76800K, used 75571K [0x00000007aaa80000, 0x00000007b0000000, 0x0000000800000000)
  eden space 66048K, 100% used [0x00000007aaa80000,0x00000007aeb00000,0x00000007aeb00000)
  from space 10752K, 88% used [0x00000007aeb00000,0x00000007af44ce38,0x00000007af580000)
  to   space 10752K, 0% used [0x00000007af580000,0x00000007af580000,0x00000007b0000000)
 ParOldGen       total 174592K, used 55107K [0x0000000700000000, 0x000000070aa80000, 0x00000007aaa80000)
  object space 174592K, 31% used [0x0000000700000000,0x00000007035d0da0,0x000000070aa80000)
 PSPermGen       total 21504K, used 10128K [0x00000006fae00000, 0x00000006fc300000, 0x0000000700000000)
  object space 21504K, 47% used [0x00000006fae00000,0x00000006fb7e4010,0x00000006fc300000)
Event: 97.528 GC heap after
Heap after GC invocations=4 (full 0):
 PSYoungGen      total 76800K, used 9523K [0x00000007aaa80000, 0x00000007b0000000, 0x0000000800000000)
  eden space 66048K, 0% used [0x00000007aaa80000,0x00000007aaa80000,0x00000007aeb00000)
  from space 10752K, 88% used [0x00000007af580000,0x00000007afecce38,0x00000007b0000000)
  to   space 10752K, 0% used [0x00000007aeb00000,0x00000007aeb00000,0x00000007af580000)
 ParOldGen       total 174592K, used 70115K [0x0000000700000000, 0x000000070aa80000, 0x00000007aaa80000)
  object space 174592K, 40% used [0x0000000700000000,0x0000000704478dc0,0x000000070aa80000)
 PSPermGen       total 21504K, used 10128K [0x00000006fae00000, 0x00000006fc300000, 0x0000000700000000)
  object space 21504K, 47% used [0x00000006fae00000,0x00000006fb7e4010,0x00000006fc300000)
}

